0 info it worked if it ends with ok
1 verbose cli [ 'D:\\JAVA\\nodejs\\4.4.0\\win32\\node.exe',
1 verbose cli   'D:\\JAVA\\nodejs\\4.4.0\\win32\\node_modules\\npm\\bin\\npm-cli.js',
1 verbose cli   'install' ]
2 info using npm@2.14.20
3 info using node@v4.4.0
4 verbose readDependencies loading dependencies from D:\JAVA\workspace\Lecture\JavaScript\Work\st07.NodeJS\ch06.03.mysql모듈\package.json
5 error install Couldn't read dependencies
6 verbose stack Error: Invalid name: "ch06.03.MySQL모듈"
6 verbose stack     at ensureValidName (D:\JAVA\nodejs\4.4.0\win32\node_modules\npm\node_modules\normalize-package-data\lib\fixer.js:336:15)
6 verbose stack     at Object.module.exports.fixNameField (D:\JAVA\nodejs\4.4.0\win32\node_modules\npm\node_modules\normalize-package-data\lib\fixer.js:215:5)
6 verbose stack     at D:\JAVA\nodejs\4.4.0\win32\node_modules\npm\node_modules\normalize-package-data\lib\normalize.js:32:38
6 verbose stack     at Array.forEach (native)
6 verbose stack     at normalize (D:\JAVA\nodejs\4.4.0\win32\node_modules\npm\node_modules\normalize-package-data\lib\normalize.js:31:15)
6 verbose stack     at final (D:\JAVA\nodejs\4.4.0\win32\node_modules\npm\node_modules\read-package-json\read-json.js:338:5)
6 verbose stack     at then (D:\JAVA\nodejs\4.4.0\win32\node_modules\npm\node_modules\read-package-json\read-json.js:113:5)
6 verbose stack     at ReadFileContext.<anonymous> (D:\JAVA\nodejs\4.4.0\win32\node_modules\npm\node_modules\read-package-json\read-json.js:284:20)
6 verbose stack     at ReadFileContext.callback (D:\JAVA\nodejs\4.4.0\win32\node_modules\npm\node_modules\graceful-fs\graceful-fs.js:78:16)
6 verbose stack     at FSReqWrap.readFileAfterOpen [as oncomplete] (fs.js:303:13)
7 verbose cwd D:\JAVA\workspace\Lecture\JavaScript\Work\st07.NodeJS\ch06.03.mysql모듈
8 error Windows_NT 6.1.7601
9 error argv "D:\\JAVA\\nodejs\\4.4.0\\win32\\node.exe" "D:\\JAVA\\nodejs\\4.4.0\\win32\\node_modules\\npm\\bin\\npm-cli.js" "install"
10 error node v4.4.0
11 error npm  v2.14.20
12 error Invalid name: "ch06.03.MySQL모듈"
13 error If you need help, you may report this error at:
13 error     <https://github.com/npm/npm/issues>
14 verbose exit [ 1, true ]

